<?xml version="1.0" encoding="UTF-8"?>
<!-- Generated by org.testng.reporters.JUnitReportReporter -->
<testsuite hostname="N12275D1" name="cn.testcase.AccountCase" tests="5" failures="0" timestamp="5 Mar 2018 02:57:56 GMT" time="110.583" errors="0">
  <testcase name="testLoginEmail" time="18.034" classname="cn.testcase.AccountCase"/>
  <testcase name="testLoginErrorPassword" time="24.807" classname="cn.testcase.AccountCase"/>
  <testcase name="testLoginPhone" time="27.549" classname="cn.testcase.AccountCase"/>
  <testcase name="testLoginSuccessBySioeyeId" time="17.574" classname="cn.testcase.AccountCase"/>
  <testcase name="testLoginErrorSioeyeId" time="22.619" classname="cn.testcase.AccountCase"/>
</testsuite> <!-- cn.testcase.AccountCase -->
